<?xml version="1.0" encoding="UTF-8"?>
<testsuite xmlns:xsi="http://www.w3.org/2001/XMLSchema-instance" xsi:noNamespaceSchemaLocation="https://maven.apache.org/surefire/maven-surefire-plugin/xsd/surefire-test-report.xsd" name="cn.e3mall.solrj.TestSolrJ" time="3.677" tests="4" errors="0" skipped="0" failures="0">
  <properties>
    <property name="user.variant" value=""/>
    <property name="java.vm.info" value="mixed mode, sharing"/>
    <property name="file.encoding.pkg" value="sun.io"/>
    <property name="file.encoding" value="GBK"/>
    <property name="java.specification.name" value="Java Platform API Specification"/>
    <property name="sun.os.patch.level" value="Service Pack 1"/>
    <property name="user.dir" value="E:\e3\e3-search\e3-search-service"/>
    <property name="line.separator" value="&#10;"/>
    <property name="java.home" value="D:\Java\jdk\jre"/>
    <property name="user.name" value="jjj"/>
    <property name="sun.boot.library.path" value="D:\Java\jdk\jre\bin"/>
    <property name="user.home" value="C:\Users\jjj"/>
    <property name="localRepository" value="C:\Users\jjj\.m2\repository"/>
    <property name="sun.java.launcher" value="SUN_STANDARD"/>
    <property name="java.class.version" value="51.0"/>
    <property name="user.language" value="zh"/>
    <property name="java.vendor.url.bug" value="http://bugreport.sun.com/bugreport/"/>
    <property name="sun.jnu.encoding" value="GBK"/>
    <property name="java.io.tmpdir" value="C:\Users\jjj\AppData\Local\Temp\"/>
    <property name="java.specification.vendor" value="Oracle Corporation"/>
    <property name="file.separator" value="\"/>
    <property name="java.class.path" value="E:\e3\e3-search\e3-search-service\target\test-classes;E:\e3\e3-search\e3-search-service\target\classes;C:\Users\jjj\.m2\repository\cn\e3mall\e3-manager-dao\0.0.1-SNAPSHOT\e3-manager-dao-0.0.1-SNAPSHOT.jar;C:\Users\jjj\.m2\repository\cn\e3mall\e3-manager-pojo\0.0.1-SNAPSHOT\e3-manager-pojo-0.0.1-SNAPSHOT.jar;C:\Users\jjj\.m2\repository\org\mybatis\mybatis\3.2.8\mybatis-3.2.8.jar;C:\Users\jjj\.m2\repository\org\mybatis\mybatis-spring\1.2.2\mybatis-spring-1.2.2.jar;C:\Users\jjj\.m2\repository\com\github\miemiedev\mybatis-paginator\1.2.15\mybatis-paginator-1.2.15.jar;C:\Users\jjj\.m2\repository\com\github\pagehelper\pagehelper\3.4.2-fix\pagehelper-3.4.2-fix.jar;C:\Users\jjj\.m2\repository\com\github\jsqlparser\jsqlparser\0.9\jsqlparser-0.9.jar;C:\Users\jjj\.m2\repository\junit\junit\4.12\junit-4.12.jar;C:\Users\jjj\.m2\repository\org\hamcrest\hamcrest-core\1.3\hamcrest-core-1.3.jar;C:\Users\jjj\.m2\repository\mysql\mysql-connector-java\5.1.32\mysql-connector-java-5.1.32.jar;C:\Users\jjj\.m2\repository\com\alibaba\druid\1.0.9\druid-1.0.9.jar;D:\Java\jdk\jre\..\lib\jconsole.jar;D:\Java\jdk\jre\..\lib\tools.jar;C:\Users\jjj\.m2\repository\com\jjx\e3-search-interface\1.0-SNAPSHOT\e3-search-interface-1.0-SNAPSHOT.jar;C:\Users\jjj\.m2\repository\org\springframework\spring-context\4.2.4.RELEASE\spring-context-4.2.4.RELEASE.jar;C:\Users\jjj\.m2\repository\org\springframework\spring-aop\4.2.4.RELEASE\spring-aop-4.2.4.RELEASE.jar;C:\Users\jjj\.m2\repository\aopalliance\aopalliance\1.0\aopalliance-1.0.jar;C:\Users\jjj\.m2\repository\org\springframework\spring-core\4.2.4.RELEASE\spring-core-4.2.4.RELEASE.jar;C:\Users\jjj\.m2\repository\commons-logging\commons-logging\1.2\commons-logging-1.2.jar;C:\Users\jjj\.m2\repository\org\springframework\spring-expression\4.2.4.RELEASE\spring-expression-4.2.4.RELEASE.jar;C:\Users\jjj\.m2\repository\org\springframework\spring-beans\4.2.4.RELEASE\spring-beans-4.2.4.RELEASE.jar;C:\Users\jjj\.m2\repository\org\springframework\spring-webmvc\4.2.4.RELEASE\spring-webmvc-4.2.4.RELEASE.jar;C:\Users\jjj\.m2\repository\org\springframework\spring-web\4.2.4.RELEASE\spring-web-4.2.4.RELEASE.jar;C:\Users\jjj\.m2\repository\org\springframework\spring-jdbc\4.2.4.RELEASE\spring-jdbc-4.2.4.RELEASE.jar;C:\Users\jjj\.m2\repository\org\springframework\spring-tx\4.2.4.RELEASE\spring-tx-4.2.4.RELEASE.jar;C:\Users\jjj\.m2\repository\org\springframework\spring-aspects\4.2.4.RELEASE\spring-aspects-4.2.4.RELEASE.jar;C:\Users\jjj\.m2\repository\org\aspectj\aspectjweaver\1.8.7\aspectjweaver-1.8.7.jar;C:\Users\jjj\.m2\repository\org\springframework\spring-jms\4.2.4.RELEASE\spring-jms-4.2.4.RELEASE.jar;C:\Users\jjj\.m2\repository\org\springframework\spring-messaging\4.2.4.RELEASE\spring-messaging-4.2.4.RELEASE.jar;C:\Users\jjj\.m2\repository\org\springframework\spring-context-support\4.2.4.RELEASE\spring-context-support-4.2.4.RELEASE.jar;C:\Users\jjj\.m2\repository\com\alibaba\dubbo\2.5.3\dubbo-2.5.3.jar;C:\Users\jjj\.m2\repository\org\javassist\javassist\3.15.0-GA\javassist-3.15.0-GA.jar;C:\Users\jjj\.m2\repository\org\apache\zookeeper\zookeeper\3.4.7\zookeeper-3.4.7.jar;C:\Users\jjj\.m2\repository\org\slf4j\slf4j-api\1.6.1\slf4j-api-1.6.1.jar;C:\Users\jjj\.m2\repository\org\slf4j\slf4j-log4j12\1.6.4\slf4j-log4j12-1.6.4.jar;C:\Users\jjj\.m2\repository\log4j\log4j\1.2.16\log4j-1.2.16.jar;C:\Users\jjj\.m2\repository\jline\jline\0.9.94\jline-0.9.94.jar;C:\Users\jjj\.m2\repository\io\netty\netty\3.7.0.Final\netty-3.7.0.Final.jar;C:\Users\jjj\.m2\repository\com\github\sgroschupf\zkclient\0.1\zkclient-0.1.jar;C:\Users\jjj\.m2\repository\org\apache\solr\solr-solrj\4.10.3\solr-solrj-4.10.3.jar;C:\Users\jjj\.m2\repository\commons-io\commons-io\2.3\commons-io-2.3.jar;C:\Users\jjj\.m2\repository\org\apache\httpcomponents\httpclient\4.3.5\httpclient-4.3.5.jar;C:\Users\jjj\.m2\repository\org\apache\httpcomponents\httpcore\4.3\httpcore-4.3.jar;C:\Users\jjj\.m2\repository\org\apache\httpcomponents\httpmime\4.3.1\httpmime-4.3.1.jar;C:\Users\jjj\.m2\repository\org\codehaus\woodstox\wstx-asl\3.2.7\wstx-asl-3.2.7.jar;C:\Users\jjj\.m2\repository\org\noggit\noggit\0.5\noggit-0.5.jar;C:\Users\jjj\.m2\repository\com\jjx\common\1.0-SNAPSHOT\common-1.0-SNAPSHOT.jar;C:\Users\jjj\.m2\repository\joda-time\joda-time\2.5\joda-time-2.5.jar;C:\Users\jjj\.m2\repository\org\apache\commons\commons-lang3\3.3.2\commons-lang3-3.3.2.jar;C:\Users\jjj\.m2\repository\commons-net\commons-net\3.3\commons-net-3.3.jar;C:\Users\jjj\.m2\repository\com\fasterxml\jackson\core\jackson-databind\2.4.2\jackson-databind-2.4.2.jar;C:\Users\jjj\.m2\repository\com\fasterxml\jackson\core\jackson-annotations\2.4.0\jackson-annotations-2.4.0.jar;C:\Users\jjj\.m2\repository\com\fasterxml\jackson\core\jackson-core\2.4.2\jackson-core-2.4.2.jar;C:\Users\jjj\.m2\repository\org\quartz-scheduler\quartz\2.2.2\quartz-2.2.2.jar;C:\Users\jjj\.m2\repository\c3p0\c3p0\0.9.1.1\c3p0-0.9.1.1.jar;C:\Users\jjj\.m2\repository\fastdfs_client\fastdfs_client\1.25\fastdfs_client-1.25.jar;C:\Users\jjj\.m2\repository\redis\clients\jedis\2.7.2\jedis-2.7.2.jar;C:\Users\jjj\.m2\repository\org\apache\commons\commons-pool2\2.3\commons-pool2-2.3.jar;"/>
    <property name="java.vm.vendor" value="Oracle Corporation"/>
    <property name="sun.cpu.endian" value="little"/>
    <property name="maven.repo.local" value="C:\Users\jjj\.m2\repository"/>
    <property name="java.vm.specification.vendor" value="Oracle Corporation"/>
    <property name="java.specification.version" value="1.7"/>
    <property name="user.script" value=""/>
    <property name="awt.toolkit" value="sun.awt.windows.WToolkit"/>
    <property name="sun.java.command" value="C:\Users\jjj\AppData\Local\Temp\surefire684512312197408532\surefirebooter6011727941641641607.jar C:\Users\jjj\AppData\Local\Temp\surefire684512312197408532 2019-02-26T18-08-11_653-jvmRun1 surefire5295312330570428080tmp surefire_05750253674851657956tmp"/>
    <property name="user.timezone" value=""/>
    <property name="surefire.test.class.path" value="E:\e3\e3-search\e3-search-service\target\test-classes;E:\e3\e3-search\e3-search-service\target\classes;C:\Users\jjj\.m2\repository\cn\e3mall\e3-manager-dao\0.0.1-SNAPSHOT\e3-manager-dao-0.0.1-SNAPSHOT.jar;C:\Users\jjj\.m2\repository\cn\e3mall\e3-manager-pojo\0.0.1-SNAPSHOT\e3-manager-pojo-0.0.1-SNAPSHOT.jar;C:\Users\jjj\.m2\repository\org\mybatis\mybatis\3.2.8\mybatis-3.2.8.jar;C:\Users\jjj\.m2\repository\org\mybatis\mybatis-spring\1.2.2\mybatis-spring-1.2.2.jar;C:\Users\jjj\.m2\repository\com\github\miemiedev\mybatis-paginator\1.2.15\mybatis-paginator-1.2.15.jar;C:\Users\jjj\.m2\repository\com\github\pagehelper\pagehelper\3.4.2-fix\pagehelper-3.4.2-fix.jar;C:\Users\jjj\.m2\repository\com\github\jsqlparser\jsqlparser\0.9\jsqlparser-0.9.jar;C:\Users\jjj\.m2\repository\junit\junit\4.12\junit-4.12.jar;C:\Users\jjj\.m2\repository\org\hamcrest\hamcrest-core\1.3\hamcrest-core-1.3.jar;C:\Users\jjj\.m2\repository\mysql\mysql-connector-java\5.1.32\mysql-connector-java-5.1.32.jar;C:\Users\jjj\.m2\repository\com\alibaba\druid\1.0.9\druid-1.0.9.jar;D:\Java\jdk\jre\..\lib\jconsole.jar;D:\Java\jdk\jre\..\lib\tools.jar;C:\Users\jjj\.m2\repository\com\jjx\e3-search-interface\1.0-SNAPSHOT\e3-search-interface-1.0-SNAPSHOT.jar;C:\Users\jjj\.m2\repository\org\springframework\spring-context\4.2.4.RELEASE\spring-context-4.2.4.RELEASE.jar;C:\Users\jjj\.m2\repository\org\springframework\spring-aop\4.2.4.RELEASE\spring-aop-4.2.4.RELEASE.jar;C:\Users\jjj\.m2\repository\aopalliance\aopalliance\1.0\aopalliance-1.0.jar;C:\Users\jjj\.m2\repository\org\springframework\spring-core\4.2.4.RELEASE\spring-core-4.2.4.RELEASE.jar;C:\Users\jjj\.m2\repository\commons-logging\commons-logging\1.2\commons-logging-1.2.jar;C:\Users\jjj\.m2\repository\org\springframework\spring-expression\4.2.4.RELEASE\spring-expression-4.2.4.RELEASE.jar;C:\Users\jjj\.m2\repository\org\springframework\spring-beans\4.2.4.RELEASE\spring-beans-4.2.4.RELEASE.jar;C:\Users\jjj\.m2\repository\org\springframework\spring-webmvc\4.2.4.RELEASE\spring-webmvc-4.2.4.RELEASE.jar;C:\Users\jjj\.m2\repository\org\springframework\spring-web\4.2.4.RELEASE\spring-web-4.2.4.RELEASE.jar;C:\Users\jjj\.m2\repository\org\springframework\spring-jdbc\4.2.4.RELEASE\spring-jdbc-4.2.4.RELEASE.jar;C:\Users\jjj\.m2\repository\org\springframework\spring-tx\4.2.4.RELEASE\spring-tx-4.2.4.RELEASE.jar;C:\Users\jjj\.m2\repository\org\springframework\spring-aspects\4.2.4.RELEASE\spring-aspects-4.2.4.RELEASE.jar;C:\Users\jjj\.m2\repository\org\aspectj\aspectjweaver\1.8.7\aspectjweaver-1.8.7.jar;C:\Users\jjj\.m2\repository\org\springframework\spring-jms\4.2.4.RELEASE\spring-jms-4.2.4.RELEASE.jar;C:\Users\jjj\.m2\repository\org\springframework\spring-messaging\4.2.4.RELEASE\spring-messaging-4.2.4.RELEASE.jar;C:\Users\jjj\.m2\repository\org\springframework\spring-context-support\4.2.4.RELEASE\spring-context-support-4.2.4.RELEASE.jar;C:\Users\jjj\.m2\repository\com\alibaba\dubbo\2.5.3\dubbo-2.5.3.jar;C:\Users\jjj\.m2\repository\org\javassist\javassist\3.15.0-GA\javassist-3.15.0-GA.jar;C:\Users\jjj\.m2\repository\org\apache\zookeeper\zookeeper\3.4.7\zookeeper-3.4.7.jar;C:\Users\jjj\.m2\repository\org\slf4j\slf4j-api\1.6.1\slf4j-api-1.6.1.jar;C:\Users\jjj\.m2\repository\org\slf4j\slf4j-log4j12\1.6.4\slf4j-log4j12-1.6.4.jar;C:\Users\jjj\.m2\repository\log4j\log4j\1.2.16\log4j-1.2.16.jar;C:\Users\jjj\.m2\repository\jline\jline\0.9.94\jline-0.9.94.jar;C:\Users\jjj\.m2\repository\io\netty\netty\3.7.0.Final\netty-3.7.0.Final.jar;C:\Users\jjj\.m2\repository\com\github\sgroschupf\zkclient\0.1\zkclient-0.1.jar;C:\Users\jjj\.m2\repository\org\apache\solr\solr-solrj\4.10.3\solr-solrj-4.10.3.jar;C:\Users\jjj\.m2\repository\commons-io\commons-io\2.3\commons-io-2.3.jar;C:\Users\jjj\.m2\repository\org\apache\httpcomponents\httpclient\4.3.5\httpclient-4.3.5.jar;C:\Users\jjj\.m2\repository\org\apache\httpcomponents\httpcore\4.3\httpcore-4.3.jar;C:\Users\jjj\.m2\repository\org\apache\httpcomponents\httpmime\4.3.1\httpmime-4.3.1.jar;C:\Users\jjj\.m2\repository\org\codehaus\woodstox\wstx-asl\3.2.7\wstx-asl-3.2.7.jar;C:\Users\jjj\.m2\repository\org\noggit\noggit\0.5\noggit-0.5.jar;C:\Users\jjj\.m2\repository\com\jjx\common\1.0-SNAPSHOT\common-1.0-SNAPSHOT.jar;C:\Users\jjj\.m2\repository\joda-time\joda-time\2.5\joda-time-2.5.jar;C:\Users\jjj\.m2\repository\org\apache\commons\commons-lang3\3.3.2\commons-lang3-3.3.2.jar;C:\Users\jjj\.m2\repository\commons-net\commons-net\3.3\commons-net-3.3.jar;C:\Users\jjj\.m2\repository\com\fasterxml\jackson\core\jackson-databind\2.4.2\jackson-databind-2.4.2.jar;C:\Users\jjj\.m2\repository\com\fasterxml\jackson\core\jackson-annotations\2.4.0\jackson-annotations-2.4.0.jar;C:\Users\jjj\.m2\repository\com\fasterxml\jackson\core\jackson-core\2.4.2\jackson-core-2.4.2.jar;C:\Users\jjj\.m2\repository\org\quartz-scheduler\quartz\2.2.2\quartz-2.2.2.jar;C:\Users\jjj\.m2\repository\c3p0\c3p0\0.9.1.1\c3p0-0.9.1.1.jar;C:\Users\jjj\.m2\repository\fastdfs_client\fastdfs_client\1.25\fastdfs_client-1.25.jar;C:\Users\jjj\.m2\repository\redis\clients\jedis\2.7.2\jedis-2.7.2.jar;C:\Users\jjj\.m2\repository\org\apache\commons\commons-pool2\2.3\commons-pool2-2.3.jar;"/>
    <property name="java.runtime.version" value="1.7.0_72-b14"/>
    <property name="java.vendor" value="Oracle Corporation"/>
    <property name="sun.management.compiler" value="HotSpot Client Compiler"/>
    <property name="sun.arch.data.model" value="32"/>
    <property name="os.arch" value="x86"/>
    <property name="sun.io.unicode.encoding" value="UnicodeLittle"/>
    <property name="java.awt.printerjob" value="sun.awt.windows.WPrinterJob"/>
    <property name="path.separator" value=";"/>
    <property name="java.runtime.name" value="Java(TM) SE Runtime Environment"/>
    <property name="java.vendor.url" value="http://java.oracle.com/"/>
    <property name="sun.boot.class.path" value="D:\Java\jdk\jre\lib\resources.jar;D:\Java\jdk\jre\lib\rt.jar;D:\Java\jdk\jre\lib\sunrsasign.jar;D:\Java\jdk\jre\lib\jsse.jar;D:\Java\jdk\jre\lib\jce.jar;D:\Java\jdk\jre\lib\charsets.jar;D:\Java\jdk\jre\lib\jfr.jar;D:\Java\jdk\jre\classes"/>
    <property name="surefire.real.class.path" value="C:\Users\jjj\AppData\Local\Temp\surefire684512312197408532\surefirebooter6011727941641641607.jar"/>
    <property name="java.endorsed.dirs" value="D:\Java\jdk\jre\lib\endorsed"/>
    <property name="sun.desktop" value="windows"/>
    <property name="idea.version" value="2017.3.3"/>
    <property name="java.vm.version" value="24.72-b04"/>
    <property name="os.name" value="Windows 7"/>
    <property name="java.vm.specification.version" value="1.7"/>
    <property name="sun.cpu.isalist" value="pentium_pro+mmx pentium_pro pentium+mmx pentium i486 i386 i86"/>
    <property name="java.version" value="1.7.0_72"/>
    <property name="java.vm.specification.name" value="Java Virtual Machine Specification"/>
    <property name="java.ext.dirs" value="D:\Java\jdk\jre\lib\ext;C:\Windows\Sun\Java\lib\ext"/>
    <property name="os.version" value="6.1"/>
    <property name="basedir" value="E:\e3\e3-search\e3-search-service"/>
    <property name="java.library.path" value="D:\Java\jdk\jre\bin;C:\Windows\Sun\Java\bin;C:\Windows\system32;C:\Windows;C:\Windows\system32;C:\Windows;C:\Windows\System32\Wbem;C:\Windows\System32\WindowsPowerShell\v1.0\;C:\Program Files (x86)\Intel\OpenCL SDK\3.0\bin\x86;C:\Program Files (x86)\Intel\OpenCL SDK\3.0\bin\x64;D:\MySQL\bin;D:\MySQL\MySQL Server 5.5\bin;D:\Java\Java\bin;D:\MATLAB\runtime\win64;D:\MATLAB\bin;D:\SSH;."/>
    <property name="java.awt.graphicsenv" value="sun.awt.Win32GraphicsEnvironment"/>
    <property name="java.vm.name" value="Java HotSpot(TM) Client VM"/>
    <property name="user.country" value="CN"/>
  </properties>
  <testcase name="deleteDocument" classname="cn.e3mall.solrj.TestSolrJ" time="0.301"/>
  <testcase name="queryIndex" classname="cn.e3mall.solrj.TestSolrJ" time="0.017"/>
  <testcase name="addDocument" classname="cn.e3mall.solrj.TestSolrJ" time="3.11"/>
  <testcase name="queryIndexcomplex" classname="cn.e3mall.solrj.TestSolrJ" time="0.249"/>
</testsuite>